  Component.cpp
C:\Users\william.arnback\Documents\GitHub\ComponentSystem\ComponentSystem\ComponentSystem\GameObject.h(58,14): error C2065: 'Component': undeclared identifier
C:\Users\william.arnback\Documents\GitHub\ComponentSystem\ComponentSystem\ComponentSystem\GameObject.h(58,24): error C2059: syntax error: '>'
C:\Users\william.arnback\Documents\GitHub\ComponentSystem\ComponentSystem\ComponentSystem\GameObject.h(40,90): error C2760: syntax error: unexpected token ')', expected 'expression'
C:\Users\william.arnback\Documents\GitHub\ComponentSystem\ComponentSystem\ComponentSystem\GameObject.h(38,13): message : This diagnostic occurred in the compiler generated function 'const bool GameObject::HasComponent(void)'
C:\Users\william.arnback\Documents\GitHub\ComponentSystem\ComponentSystem\ComponentSystem\ComponentAdmin.h(101,23): error C2061: syntax error: identifier 'Component'
C:\Users\william.arnback\Documents\GitHub\ComponentSystem\ComponentSystem\ComponentSystem\ComponentAdmin.h(94,5): error C2065: 'Component': undeclared identifier
C:\Users\william.arnback\Documents\GitHub\ComponentSystem\ComponentSystem\ComponentSystem\ComponentAdmin.h(85,7): message : This diagnostic occurred in the compiler generated function 'void ComponentAdmin::RemoveComponent(GameObject *)'
C:\Users\william.arnback\Documents\GitHub\ComponentSystem\ComponentSystem\ComponentSystem\ComponentAdmin.h(94,5): error C3861: 'Component': identifier not found
C:\Users\william.arnback\Documents\GitHub\ComponentSystem\ComponentSystem\ComponentSystem\ComponentAdmin.h(85,7): message : This diagnostic occurred in the compiler generated function 'void ComponentAdmin::RemoveComponent(GameObject *)'
C:\Users\william.arnback\Documents\GitHub\ComponentSystem\ComponentSystem\ComponentSystem\ComponentAdmin.h(94,16): error C3861: 'comp': identifier not found
C:\Users\william.arnback\Documents\GitHub\ComponentSystem\ComponentSystem\ComponentSystem\ComponentAdmin.h(85,7): message : This diagnostic occurred in the compiler generated function 'void ComponentAdmin::RemoveComponent(GameObject *)'
C:\Users\william.arnback\Documents\GitHub\ComponentSystem\ComponentSystem\ComponentSystem\ComponentAdmin.h(95,5): error C3861: 'comp': identifier not found
C:\Users\william.arnback\Documents\GitHub\ComponentSystem\ComponentSystem\ComponentSystem\ComponentAdmin.h(85,7): message : This diagnostic occurred in the compiler generated function 'void ComponentAdmin::RemoveComponent(GameObject *)'
C:\Users\william.arnback\Documents\GitHub\ComponentSystem\ComponentSystem\ComponentSystem\ComponentAdmin.h(96,35): error C3861: 'comp': identifier not found
C:\Users\william.arnback\Documents\GitHub\ComponentSystem\ComponentSystem\ComponentSystem\ComponentAdmin.h(85,7): message : This diagnostic occurred in the compiler generated function 'void ComponentAdmin::RemoveComponent(GameObject *)'
C:\Users\william.arnback\Documents\GitHub\ComponentSystem\ComponentSystem\ComponentSystem\ComponentAdmin.h(105,4): error C2065: 'Component': undeclared identifier
C:\Users\william.arnback\Documents\GitHub\ComponentSystem\ComponentSystem\ComponentSystem\ComponentAdmin.h(105,15): error C2065: 'firstComp': undeclared identifier
C:\Users\william.arnback\Documents\GitHub\ComponentSystem\ComponentSystem\ComponentSystem\ComponentAdmin.h(105,42): error C2065: 'Component': undeclared identifier
C:\Users\william.arnback\Documents\GitHub\ComponentSystem\ComponentSystem\ComponentSystem\ComponentAdmin.h(105,37): error C2672: 'CommonUtilities::OpaqueVector::Get': no matching overloaded function found
C:\Users\william.arnback\Documents\GitHub\ComponentSystem\ComponentSystem\ComponentSystem\ComponentAdmin.h(105,1): error C2974: 'CommonUtilities::OpaqueVector::Get': invalid template argument for 'T', type expected
C:\Users\william.arnback\Documents\GitHub\ComponentSystem\ComponentSystem\ComponentSystem\OpaqueVector.hpp(101): message : see declaration of 'CommonUtilities::OpaqueVector::Get'
C:\Users\william.arnback\Documents\GitHub\ComponentSystem\ComponentSystem\ComponentSystem\ComponentAdmin.h(106,4): error C2065: 'Component': undeclared identifier
C:\Users\william.arnback\Documents\GitHub\ComponentSystem\ComponentSystem\ComponentSystem\ComponentAdmin.h(106,15): error C2065: 'lastComp': undeclared identifier
C:\Users\william.arnback\Documents\GitHub\ComponentSystem\ComponentSystem\ComponentSystem\ComponentAdmin.h(106,41): error C2065: 'Component': undeclared identifier
C:\Users\william.arnback\Documents\GitHub\ComponentSystem\ComponentSystem\ComponentSystem\ComponentAdmin.h(106,36): error C2672: 'CommonUtilities::OpaqueVector::Get': no matching overloaded function found
C:\Users\william.arnback\Documents\GitHub\ComponentSystem\ComponentSystem\ComponentSystem\ComponentAdmin.h(106,1): error C2974: 'CommonUtilities::OpaqueVector::Get': invalid template argument for 'T', type expected
C:\Users\william.arnback\Documents\GitHub\ComponentSystem\ComponentSystem\ComponentSystem\OpaqueVector.hpp(101): message : see declaration of 'CommonUtilities::OpaqueVector::Get'
C:\Users\william.arnback\Documents\GitHub\ComponentSystem\ComponentSystem\ComponentSystem\ComponentAdmin.h(108,9): error C2065: 'aComponent': undeclared identifier
C:\Users\william.arnback\Documents\GitHub\ComponentSystem\ComponentSystem\ComponentSystem\ComponentAdmin.h(108,23): error C2065: 'lastComp': undeclared identifier
C:\Users\william.arnback\Documents\GitHub\ComponentSystem\ComponentSystem\ComponentSystem\ComponentAdmin.h(108,36): error C2065: 'aComponent': undeclared identifier
C:\Users\william.arnback\Documents\GitHub\ComponentSystem\ComponentSystem\ComponentSystem\ComponentAdmin.h(108,50): error C2065: 'firstComp': undeclared identifier
C:\Users\william.arnback\Documents\GitHub\ComponentSystem\ComponentSystem\ComponentSystem\ComponentAdmin.h(110,5): error C2065: 'aComponent': undeclared identifier
C:\Users\william.arnback\Documents\GitHub\ComponentSystem\ComponentSystem\ComponentSystem\ComponentAdmin.h(111,23): error C2065: 'aComponent': undeclared identifier
C:\Users\william.arnback\Documents\GitHub\ComponentSystem\ComponentSystem\ComponentSystem\ComponentAdmin.h(133,22): error C2065: 'Component': undeclared identifier
C:\Users\william.arnback\Documents\GitHub\ComponentSystem\ComponentSystem\ComponentSystem\ComponentAdmin.h(133,17): error C2672: 'CommonUtilities::OpaqueVector::Get': no matching overloaded function found
C:\Users\william.arnback\Documents\GitHub\ComponentSystem\ComponentSystem\ComponentSystem\ComponentAdmin.h(133,1): error C2974: 'CommonUtilities::OpaqueVector::Get': invalid template argument for 'T', type expected
C:\Users\william.arnback\Documents\GitHub\ComponentSystem\ComponentSystem\ComponentSystem\OpaqueVector.hpp(101): message : see declaration of 'CommonUtilities::OpaqueVector::Get'
C:\Users\william.arnback\Documents\GitHub\ComponentSystem\ComponentSystem\ComponentSystem\ComponentAdmin.h(148,22): error C2065: 'Component': undeclared identifier
C:\Users\william.arnback\Documents\GitHub\ComponentSystem\ComponentSystem\ComponentSystem\ComponentAdmin.h(148,17): error C2672: 'CommonUtilities::OpaqueVector::Get': no matching overloaded function found
C:\Users\william.arnback\Documents\GitHub\ComponentSystem\ComponentSystem\ComponentSystem\ComponentAdmin.h(148,1): error C2974: 'CommonUtilities::OpaqueVector::Get': invalid template argument for 'T', type expected
C:\Users\william.arnback\Documents\GitHub\ComponentSystem\ComponentSystem\ComponentSystem\OpaqueVector.hpp(101): message : see declaration of 'CommonUtilities::OpaqueVector::Get'
C:\Users\william.arnback\Documents\GitHub\ComponentSystem\ComponentSystem\ComponentSystem\ComponentAdmin.h(170,1): error C2660: 'ComponentAdmin::RemoveComponent': function does not take 1 arguments
C:\Users\william.arnback\Documents\GitHub\ComponentSystem\ComponentSystem\ComponentSystem\ComponentAdmin.h(101,7): message : see declaration of 'ComponentAdmin::RemoveComponent'
  GameObject.cpp
C:\Users\william.arnback\Documents\GitHub\ComponentSystem\ComponentSystem\ComponentSystem\ComponentAdmin.h(61,18): error C2061: syntax error: identifier 'GameObject'
C:\Users\william.arnback\Documents\GitHub\ComponentSystem\ComponentSystem\ComponentSystem\ComponentAdmin.h(85,23): error C2061: syntax error: identifier 'GameObject'
C:\Users\william.arnback\Documents\GitHub\ComponentSystem\ComponentSystem\ComponentSystem\ComponentAdmin.h(101,23): error C2061: syntax error: identifier 'Component'
C:\Users\william.arnback\Documents\GitHub\ComponentSystem\ComponentSystem\ComponentSystem\ComponentAdmin.h(154,12): error C2143: syntax error: missing ';' before '*'
C:\Users\william.arnback\Documents\GitHub\ComponentSystem\ComponentSystem\ComponentSystem\ComponentAdmin.h(154,12): error C4430: missing type specifier - int assumed. Note: C++ does not support default-int
C:\Users\william.arnback\Documents\GitHub\ComponentSystem\ComponentSystem\ComponentSystem\ComponentAdmin.h(155,2): error C2334: unexpected token(s) preceding '{'; skipping apparent function body
C:\Users\william.arnback\Documents\GitHub\ComponentSystem\ComponentSystem\ComponentSystem\ComponentAdmin.h(164,25): error C2061: syntax error: identifier 'GameObject'
C:\Users\william.arnback\Documents\GitHub\ComponentSystem\ComponentSystem\ComponentSystem\ComponentAdmin.h(70,24): error C3861: 'ob': identifier not found
C:\Users\william.arnback\Documents\GitHub\ComponentSystem\ComponentSystem\ComponentSystem\ComponentAdmin.h(61,5): message : This diagnostic occurred in the compiler generated function 'T *ComponentAdmin::AddComponent(void)'
C:\Users\william.arnback\Documents\GitHub\ComponentSystem\ComponentSystem\ComponentSystem\ComponentAdmin.h(89,23): error C2065: 'ob': undeclared identifier
C:\Users\william.arnback\Documents\GitHub\ComponentSystem\ComponentSystem\ComponentSystem\ComponentAdmin.h(85,7): message : This diagnostic occurred in the compiler generated function 'void ComponentAdmin::RemoveComponent(void)'
C:\Users\william.arnback\Documents\GitHub\ComponentSystem\ComponentSystem\ComponentSystem\ComponentAdmin.h(89,23): error C3861: 'ob': identifier not found
C:\Users\william.arnback\Documents\GitHub\ComponentSystem\ComponentSystem\ComponentSystem\ComponentAdmin.h(85,7): message : This diagnostic occurred in the compiler generated function 'void ComponentAdmin::RemoveComponent(void)'
C:\Users\william.arnback\Documents\GitHub\ComponentSystem\ComponentSystem\ComponentSystem\ComponentAdmin.h(91,8): error C3861: 'ob': identifier not found
C:\Users\william.arnback\Documents\GitHub\ComponentSystem\ComponentSystem\ComponentSystem\ComponentAdmin.h(85,7): message : This diagnostic occurred in the compiler generated function 'void ComponentAdmin::RemoveComponent(void)'
C:\Users\william.arnback\Documents\GitHub\ComponentSystem\ComponentSystem\ComponentSystem\ComponentAdmin.h(93,5): error C3861: 'ob': identifier not found
C:\Users\william.arnback\Documents\GitHub\ComponentSystem\ComponentSystem\ComponentSystem\ComponentAdmin.h(85,7): message : This diagnostic occurred in the compiler generated function 'void ComponentAdmin::RemoveComponent(void)'
C:\Users\william.arnback\Documents\GitHub\ComponentSystem\ComponentSystem\ComponentSystem\ComponentAdmin.h(94,5): error C2065: 'Component': undeclared identifier
C:\Users\william.arnback\Documents\GitHub\ComponentSystem\ComponentSystem\ComponentSystem\ComponentAdmin.h(85,7): message : This diagnostic occurred in the compiler generated function 'void ComponentAdmin::RemoveComponent(void)'
C:\Users\william.arnback\Documents\GitHub\ComponentSystem\ComponentSystem\ComponentSystem\ComponentAdmin.h(94,5): error C3861: 'Component': identifier not found
C:\Users\william.arnback\Documents\GitHub\ComponentSystem\ComponentSystem\ComponentSystem\ComponentAdmin.h(85,7): message : This diagnostic occurred in the compiler generated function 'void ComponentAdmin::RemoveComponent(void)'
C:\Users\william.arnback\Documents\GitHub\ComponentSystem\ComponentSystem\ComponentSystem\ComponentAdmin.h(94,16): error C3861: 'comp': identifier not found
C:\Users\william.arnback\Documents\GitHub\ComponentSystem\ComponentSystem\ComponentSystem\ComponentAdmin.h(85,7): message : This diagnostic occurred in the compiler generated function 'void ComponentAdmin::RemoveComponent(void)'
C:\Users\william.arnback\Documents\GitHub\ComponentSystem\ComponentSystem\ComponentSystem\ComponentAdmin.h(94,23): error C3861: 'ob': identifier not found
C:\Users\william.arnback\Documents\GitHub\ComponentSystem\ComponentSystem\ComponentSystem\ComponentAdmin.h(85,7): message : This diagnostic occurred in the compiler generated function 'void ComponentAdmin::RemoveComponent(void)'
C:\Users\william.arnback\Documents\GitHub\ComponentSystem\ComponentSystem\ComponentSystem\ComponentAdmin.h(95,5): error C3861: 'comp': identifier not found
C:\Users\william.arnback\Documents\GitHub\ComponentSystem\ComponentSystem\ComponentSystem\ComponentAdmin.h(85,7): message : This diagnostic occurred in the compiler generated function 'void ComponentAdmin::RemoveComponent(void)'
C:\Users\william.arnback\Documents\GitHub\ComponentSystem\ComponentSystem\ComponentSystem\ComponentAdmin.h(96,35): error C3861: 'comp': identifier not found
C:\Users\william.arnback\Documents\GitHub\ComponentSystem\ComponentSystem\ComponentSystem\ComponentAdmin.h(85,7): message : This diagnostic occurred in the compiler generated function 'void ComponentAdmin::RemoveComponent(void)'
C:\Users\william.arnback\Documents\GitHub\ComponentSystem\ComponentSystem\ComponentSystem\ComponentAdmin.h(38,22): error C2065: 'GameObject': undeclared identifier
C:\Users\william.arnback\Documents\GitHub\ComponentSystem\ComponentSystem\ComponentSystem\ComponentAdmin.h(38,16): error C2672: 'CommonUtilities::OpaqueVector::Init': no matching overloaded function found
C:\Users\william.arnback\Documents\GitHub\ComponentSystem\ComponentSystem\ComponentSystem\ComponentAdmin.h(38,1): error C2974: 'CommonUtilities::OpaqueVector::Init': invalid template argument for 'T', type expected
C:\Users\william.arnback\Documents\GitHub\ComponentSystem\ComponentSystem\ComponentSystem\OpaqueVector.hpp(17): message : see declaration of 'CommonUtilities::OpaqueVector::Init'
C:\Users\william.arnback\Documents\GitHub\ComponentSystem\ComponentSystem\ComponentSystem\ComponentAdmin.h(105,4): error C2065: 'Component': undeclared identifier
C:\Users\william.arnback\Documents\GitHub\ComponentSystem\ComponentSystem\ComponentSystem\ComponentAdmin.h(105,15): error C2065: 'firstComp': undeclared identifier
C:\Users\william.arnback\Documents\GitHub\ComponentSystem\ComponentSystem\ComponentSystem\ComponentAdmin.h(105,42): error C2065: 'Component': undeclared identifier
C:\Users\william.arnback\Documents\GitHub\ComponentSystem\ComponentSystem\ComponentSystem\ComponentAdmin.h(105,37): error C2672: 'CommonUtilities::OpaqueVector::Get': no matching overloaded function found
C:\Users\william.arnback\Documents\GitHub\ComponentSystem\ComponentSystem\ComponentSystem\ComponentAdmin.h(105,1): error C2974: 'CommonUtilities::OpaqueVector::Get': invalid template argument for 'T', type expected
C:\Users\william.arnback\Documents\GitHub\ComponentSystem\ComponentSystem\ComponentSystem\OpaqueVector.hpp(101): message : see declaration of 'CommonUtilities::OpaqueVector::Get'
C:\Users\william.arnback\Documents\GitHub\ComponentSystem\ComponentSystem\ComponentSystem\ComponentAdmin.h(106,4): error C2065: 'Component': undeclared identifier
C:\Users\william.arnback\Documents\GitHub\ComponentSystem\ComponentSystem\ComponentSystem\ComponentAdmin.h(106,15): error C2065: 'lastComp': undeclared identifier
C:\Users\william.arnback\Documents\GitHub\ComponentSystem\ComponentSystem\ComponentSystem\ComponentAdmin.h(106,41): error C2065: 'Component': undeclared identifier
C:\Users\william.arnback\Documents\GitHub\ComponentSystem\ComponentSystem\ComponentSystem\ComponentAdmin.h(106,36): error C2672: 'CommonUtilities::OpaqueVector::Get': no matching overloaded function found
C:\Users\william.arnback\Documents\GitHub\ComponentSystem\ComponentSystem\ComponentSystem\ComponentAdmin.h(106,1): error C2974: 'CommonUtilities::OpaqueVector::Get': invalid template argument for 'T', type expected
C:\Users\william.arnback\Documents\GitHub\ComponentSystem\ComponentSystem\ComponentSystem\OpaqueVector.hpp(101): message : see declaration of 'CommonUtilities::OpaqueVector::Get'
C:\Users\william.arnback\Documents\GitHub\ComponentSystem\ComponentSystem\ComponentSystem\ComponentAdmin.h(108,9): error C2065: 'aComponent': undeclared identifier
C:\Users\william.arnback\Documents\GitHub\ComponentSystem\ComponentSystem\ComponentSystem\ComponentAdmin.h(108,23): error C2065: 'lastComp': undeclared identifier
C:\Users\william.arnback\Documents\GitHub\ComponentSystem\ComponentSystem\ComponentSystem\ComponentAdmin.h(108,36): error C2065: 'aComponent': undeclared identifier
C:\Users\william.arnback\Documents\GitHub\ComponentSystem\ComponentSystem\ComponentSystem\ComponentAdmin.h(108,50): error C2065: 'firstComp': undeclared identifier
C:\Users\william.arnback\Documents\GitHub\ComponentSystem\ComponentSystem\ComponentSystem\ComponentAdmin.h(110,5): error C2065: 'aComponent': undeclared identifier
C:\Users\william.arnback\Documents\GitHub\ComponentSystem\ComponentSystem\ComponentSystem\ComponentAdmin.h(111,23): error C2065: 'aComponent': undeclared identifier
C:\Users\william.arnback\Documents\GitHub\ComponentSystem\ComponentSystem\ComponentSystem\ComponentAdmin.h(133,22): error C2065: 'Component': undeclared identifier
C:\Users\william.arnback\Documents\GitHub\ComponentSystem\ComponentSystem\ComponentSystem\ComponentAdmin.h(133,17): error C2672: 'CommonUtilities::OpaqueVector::Get': no matching overloaded function found
C:\Users\william.arnback\Documents\GitHub\ComponentSystem\ComponentSystem\ComponentSystem\ComponentAdmin.h(133,1): error C2974: 'CommonUtilities::OpaqueVector::Get': invalid template argument for 'T', type expected
C:\Users\william.arnback\Documents\GitHub\ComponentSystem\ComponentSystem\ComponentSystem\OpaqueVector.hpp(101): message : see declaration of 'CommonUtilities::OpaqueVector::Get'
C:\Users\william.arnback\Documents\GitHub\ComponentSystem\ComponentSystem\ComponentSystem\ComponentAdmin.h(148,22): error C2065: 'Component': undeclared identifier
C:\Users\william.arnback\Documents\GitHub\ComponentSystem\ComponentSystem\ComponentSystem\ComponentAdmin.h(148,17): error C2672: 'CommonUtilities::OpaqueVector::Get': no matching overloaded function found
C:\Users\william.arnback\Documents\GitHub\ComponentSystem\ComponentSystem\ComponentSystem\ComponentAdmin.h(148,1): error C2974: 'CommonUtilities::OpaqueVector::Get': invalid template argument for 'T', type expected
C:\Users\william.arnback\Documents\GitHub\ComponentSystem\ComponentSystem\ComponentSystem\OpaqueVector.hpp(101): message : see declaration of 'CommonUtilities::OpaqueVector::Get'
C:\Users\william.arnback\Documents\GitHub\ComponentSystem\ComponentSystem\ComponentSystem\ComponentAdmin.h(166,3): error C2065: 'anObject': undeclared identifier
C:\Users\william.arnback\Documents\GitHub\ComponentSystem\ComponentSystem\ComponentSystem\ComponentAdmin.h(168,23): error C2065: 'anObject': undeclared identifier
C:\Users\william.arnback\Documents\GitHub\ComponentSystem\ComponentSystem\ComponentSystem\ComponentAdmin.h(170,20): error C2065: 'anObject': undeclared identifier
C:\Users\william.arnback\Documents\GitHub\ComponentSystem\ComponentSystem\ComponentSystem\ComponentAdmin.h(170,1): error C2660: 'ComponentAdmin::RemoveComponent': function does not take 1 arguments
C:\Users\william.arnback\Documents\GitHub\ComponentSystem\ComponentSystem\ComponentSystem\ComponentAdmin.h(101,7): message : see declaration of 'ComponentAdmin::RemoveComponent'
C:\Users\william.arnback\Documents\GitHub\ComponentSystem\ComponentSystem\ComponentSystem\ComponentAdmin.h(173,24): error C2065: 'anObject': undeclared identifier
C:\Users\william.arnback\Documents\GitHub\ComponentSystem\ComponentSystem\ComponentSystem\GameObject.cpp(34,20): warning C4018: '<': signed/unsigned mismatch
C:\Users\william.arnback\Documents\GitHub\ComponentSystem\ComponentSystem\ComponentSystem\GameObject.cpp(42,20): warning C4018: '<': signed/unsigned mismatch
C:\Users\william.arnback\Documents\GitHub\ComponentSystem\ComponentSystem\ComponentSystem\GameObject.cpp(52,21): warning C4018: '<': signed/unsigned mismatch
C:\Users\william.arnback\Documents\GitHub\ComponentSystem\ComponentSystem\ComponentSystem\GameObject.cpp(60,21): warning C4018: '<': signed/unsigned mismatch
  Main.cpp
C:\Users\william.arnback\Documents\GitHub\ComponentSystem\ComponentSystem\ComponentSystem\Component.h(35,61): error C2760: syntax error: unexpected token ')', expected 'expression'
C:\Users\william.arnback\Documents\GitHub\ComponentSystem\ComponentSystem\ComponentSystem\Component.h(33,13): message : This diagnostic occurred in the compiler generated function 'const bool Component::HasComponent(void)'
C:\Users\william.arnback\Documents\GitHub\ComponentSystem\ComponentSystem\ComponentSystem\GameObject.h(40,90): error C2760: syntax error: unexpected token ')', expected 'expression'
C:\Users\william.arnback\Documents\GitHub\ComponentSystem\ComponentSystem\ComponentSystem\GameObject.h(38,13): message : This diagnostic occurred in the compiler generated function 'const bool GameObject::HasComponent(void)'
C:\Users\william.arnback\Documents\GitHub\ComponentSystem\ComponentSystem\ComponentSystem\ComponentAdmin.h(168,21): warning C4018: '<': signed/unsigned mismatch
  PrinterComponent.cpp
C:\Users\william.arnback\Documents\GitHub\ComponentSystem\ComponentSystem\ComponentSystem\GameObject.h(58,14): error C2065: 'Component': undeclared identifier
C:\Users\william.arnback\Documents\GitHub\ComponentSystem\ComponentSystem\ComponentSystem\GameObject.h(58,24): error C2059: syntax error: '>'
C:\Users\william.arnback\Documents\GitHub\ComponentSystem\ComponentSystem\ComponentSystem\GameObject.h(40,90): error C2760: syntax error: unexpected token ')', expected 'expression'
C:\Users\william.arnback\Documents\GitHub\ComponentSystem\ComponentSystem\ComponentSystem\GameObject.h(38,13): message : This diagnostic occurred in the compiler generated function 'const bool GameObject::HasComponent(void)'
C:\Users\william.arnback\Documents\GitHub\ComponentSystem\ComponentSystem\ComponentSystem\ComponentAdmin.h(101,23): error C2061: syntax error: identifier 'Component'
C:\Users\william.arnback\Documents\GitHub\ComponentSystem\ComponentSystem\ComponentSystem\ComponentAdmin.h(94,5): error C2065: 'Component': undeclared identifier
C:\Users\william.arnback\Documents\GitHub\ComponentSystem\ComponentSystem\ComponentSystem\ComponentAdmin.h(85,7): message : This diagnostic occurred in the compiler generated function 'void ComponentAdmin::RemoveComponent(GameObject *)'
C:\Users\william.arnback\Documents\GitHub\ComponentSystem\ComponentSystem\ComponentSystem\ComponentAdmin.h(94,5): error C3861: 'Component': identifier not found
C:\Users\william.arnback\Documents\GitHub\ComponentSystem\ComponentSystem\ComponentSystem\ComponentAdmin.h(85,7): message : This diagnostic occurred in the compiler generated function 'void ComponentAdmin::RemoveComponent(GameObject *)'
C:\Users\william.arnback\Documents\GitHub\ComponentSystem\ComponentSystem\ComponentSystem\ComponentAdmin.h(94,16): error C3861: 'comp': identifier not found
C:\Users\william.arnback\Documents\GitHub\ComponentSystem\ComponentSystem\ComponentSystem\ComponentAdmin.h(85,7): message : This diagnostic occurred in the compiler generated function 'void ComponentAdmin::RemoveComponent(GameObject *)'
C:\Users\william.arnback\Documents\GitHub\ComponentSystem\ComponentSystem\ComponentSystem\ComponentAdmin.h(95,5): error C3861: 'comp': identifier not found
C:\Users\william.arnback\Documents\GitHub\ComponentSystem\ComponentSystem\ComponentSystem\ComponentAdmin.h(85,7): message : This diagnostic occurred in the compiler generated function 'void ComponentAdmin::RemoveComponent(GameObject *)'
C:\Users\william.arnback\Documents\GitHub\ComponentSystem\ComponentSystem\ComponentSystem\ComponentAdmin.h(96,35): error C3861: 'comp': identifier not found
C:\Users\william.arnback\Documents\GitHub\ComponentSystem\ComponentSystem\ComponentSystem\ComponentAdmin.h(85,7): message : This diagnostic occurred in the compiler generated function 'void ComponentAdmin::RemoveComponent(GameObject *)'
C:\Users\william.arnback\Documents\GitHub\ComponentSystem\ComponentSystem\ComponentSystem\ComponentAdmin.h(105,4): error C2065: 'Component': undeclared identifier
C:\Users\william.arnback\Documents\GitHub\ComponentSystem\ComponentSystem\ComponentSystem\ComponentAdmin.h(105,15): error C2065: 'firstComp': undeclared identifier
C:\Users\william.arnback\Documents\GitHub\ComponentSystem\ComponentSystem\ComponentSystem\ComponentAdmin.h(105,42): error C2065: 'Component': undeclared identifier
C:\Users\william.arnback\Documents\GitHub\ComponentSystem\ComponentSystem\ComponentSystem\ComponentAdmin.h(105,37): error C2672: 'CommonUtilities::OpaqueVector::Get': no matching overloaded function found
C:\Users\william.arnback\Documents\GitHub\ComponentSystem\ComponentSystem\ComponentSystem\ComponentAdmin.h(105,1): error C2974: 'CommonUtilities::OpaqueVector::Get': invalid template argument for 'T', type expected
C:\Users\william.arnback\Documents\GitHub\ComponentSystem\ComponentSystem\ComponentSystem\OpaqueVector.hpp(101): message : see declaration of 'CommonUtilities::OpaqueVector::Get'
C:\Users\william.arnback\Documents\GitHub\ComponentSystem\ComponentSystem\ComponentSystem\ComponentAdmin.h(106,4): error C2065: 'Component': undeclared identifier
C:\Users\william.arnback\Documents\GitHub\ComponentSystem\ComponentSystem\ComponentSystem\ComponentAdmin.h(106,15): error C2065: 'lastComp': undeclared identifier
C:\Users\william.arnback\Documents\GitHub\ComponentSystem\ComponentSystem\ComponentSystem\ComponentAdmin.h(106,41): error C2065: 'Component': undeclared identifier
C:\Users\william.arnback\Documents\GitHub\ComponentSystem\ComponentSystem\ComponentSystem\ComponentAdmin.h(106,36): error C2672: 'CommonUtilities::OpaqueVector::Get': no matching overloaded function found
C:\Users\william.arnback\Documents\GitHub\ComponentSystem\ComponentSystem\ComponentSystem\ComponentAdmin.h(106,1): error C2974: 'CommonUtilities::OpaqueVector::Get': invalid template argument for 'T', type expected
C:\Users\william.arnback\Documents\GitHub\ComponentSystem\ComponentSystem\ComponentSystem\OpaqueVector.hpp(101): message : see declaration of 'CommonUtilities::OpaqueVector::Get'
C:\Users\william.arnback\Documents\GitHub\ComponentSystem\ComponentSystem\ComponentSystem\ComponentAdmin.h(108,9): error C2065: 'aComponent': undeclared identifier
C:\Users\william.arnback\Documents\GitHub\ComponentSystem\ComponentSystem\ComponentSystem\ComponentAdmin.h(108,23): error C2065: 'lastComp': undeclared identifier
C:\Users\william.arnback\Documents\GitHub\ComponentSystem\ComponentSystem\ComponentSystem\ComponentAdmin.h(108,36): error C2065: 'aComponent': undeclared identifier
C:\Users\william.arnback\Documents\GitHub\ComponentSystem\ComponentSystem\ComponentSystem\ComponentAdmin.h(108,50): error C2065: 'firstComp': undeclared identifier
C:\Users\william.arnback\Documents\GitHub\ComponentSystem\ComponentSystem\ComponentSystem\ComponentAdmin.h(110,5): error C2065: 'aComponent': undeclared identifier
C:\Users\william.arnback\Documents\GitHub\ComponentSystem\ComponentSystem\ComponentSystem\ComponentAdmin.h(111,23): error C2065: 'aComponent': undeclared identifier
C:\Users\william.arnback\Documents\GitHub\ComponentSystem\ComponentSystem\ComponentSystem\ComponentAdmin.h(133,22): error C2065: 'Component': undeclared identifier
C:\Users\william.arnback\Documents\GitHub\ComponentSystem\ComponentSystem\ComponentSystem\ComponentAdmin.h(133,17): error C2672: 'CommonUtilities::OpaqueVector::Get': no matching overloaded function found
C:\Users\william.arnback\Documents\GitHub\ComponentSystem\ComponentSystem\ComponentSystem\ComponentAdmin.h(133,1): error C2974: 'CommonUtilities::OpaqueVector::Get': invalid template argument for 'T', type expected
C:\Users\william.arnback\Documents\GitHub\ComponentSystem\ComponentSystem\ComponentSystem\OpaqueVector.hpp(101): message : see declaration of 'CommonUtilities::OpaqueVector::Get'
C:\Users\william.arnback\Documents\GitHub\ComponentSystem\ComponentSystem\ComponentSystem\ComponentAdmin.h(148,22): error C2065: 'Component': undeclared identifier
C:\Users\william.arnback\Documents\GitHub\ComponentSystem\ComponentSystem\ComponentSystem\ComponentAdmin.h(148,17): error C2672: 'CommonUtilities::OpaqueVector::Get': no matching overloaded function found
C:\Users\william.arnback\Documents\GitHub\ComponentSystem\ComponentSystem\ComponentSystem\ComponentAdmin.h(148,1): error C2974: 'CommonUtilities::OpaqueVector::Get': invalid template argument for 'T', type expected
C:\Users\william.arnback\Documents\GitHub\ComponentSystem\ComponentSystem\ComponentSystem\OpaqueVector.hpp(101): message : see declaration of 'CommonUtilities::OpaqueVector::Get'
C:\Users\william.arnback\Documents\GitHub\ComponentSystem\ComponentSystem\ComponentSystem\ComponentAdmin.h(170,1): error C2660: 'ComponentAdmin::RemoveComponent': function does not take 1 arguments
C:\Users\william.arnback\Documents\GitHub\ComponentSystem\ComponentSystem\ComponentSystem\ComponentAdmin.h(101,7): message : see declaration of 'ComponentAdmin::RemoveComponent'
  Generating Code...
